<?xml version='1.0'?>
<ns2:test-suite xmlns:ns2='urn:model.allure.qatools.yandex.ru' start='1672820566438' stop='1672820607368'>
    <name>SC1: Validate Retirement Calculator Page</name>
    <title>SC1: Validate Retirement Calculator Page</title>
    <test-cases>
        <test-case start='1672820566438' status='failed' stop='1672820604818'>
            <name>TC1: Verify retirement calculator by poviding inputs</name>
            <title>TC1: Verify retirement calculator by poviding inputs</title>
            <labels/>
            <parameters/>
            <steps/>
            <attachments/>
            <failure>
                <message>Failed: no such window: target window already closed
                from unknown error: web view not found
                  (Session info: chrome=108.0.5359.125)
                  (Driver info: chromedriver=108.0.5359.71 (1e0e3868ee06e91ad636a874420e3ca3ae3756ac-refs/branch-heads/5359@{#1016}),platform=Windows NT 10.0.19045 x86_64)</message>
                <stack-trace>NoSuchWindowError: no such window: target window already closed
                from unknown error: web view not found
                  (Session info: chrome=108.0.5359.125)
                  (Driver info: chromedriver=108.0.5359.71 (1e0e3868ee06e91ad636a874420e3ca3ae3756ac-refs/branch-heads/5359@{#1016}),platform=Windows NT 10.0.19045 x86_64)
                    at Object.checkLegacyResponse (C:\Users\nelsonj1\OneDrive\Automation Code\Protractor\ETQAend2endTesting\node_modules\selenium-webdriver\lib\error.js:546:15)
                    at parseHttpResponse (C:\Users\nelsonj1\OneDrive\Automation Code\Protractor\ETQAend2endTesting\node_modules\selenium-webdriver\lib\http.js:509:13)
                    at C:\Users\nelsonj1\OneDrive\Automation Code\Protractor\ETQAend2endTesting\node_modules\selenium-webdriver\lib\http.js:441:30
                    at processTicksAndRejections (node:internal/process/task_queues:95:5)
                From: Task: WebDriver.findElements(By(css selector, *[id="current-age"]))
                    at Driver.schedule (C:\Users\nelsonj1\OneDrive\Automation Code\Protractor\ETQAend2endTesting\node_modules\selenium-webdriver\lib\webdriver.js:807:17)
                    at Driver.findElements (C:\Users\nelsonj1\OneDrive\Automation Code\Protractor\ETQAend2endTesting\node_modules\selenium-webdriver\lib\webdriver.js:1048:19)
                    at C:\Users\nelsonj1\OneDrive\Automation Code\Protractor\ETQAend2endTesting\node_modules\protractor\built\element.js:159:44
                    at ManagedPromise.invokeCallback_ (C:\Users\nelsonj1\OneDrive\Automation Code\Protractor\ETQAend2endTesting\node_modules\selenium-webdriver\lib\promise.js:1376:14)
                    at TaskQueue.execute_ (C:\Users\nelsonj1\OneDrive\Automation Code\Protractor\ETQAend2endTesting\node_modules\selenium-webdriver\lib\promise.js:3084:14)
                    at TaskQueue.executeNext_ (C:\Users\nelsonj1\OneDrive\Automation Code\Protractor\ETQAend2endTesting\node_modules\selenium-webdriver\lib\promise.js:3067:27)
                    at C:\Users\nelsonj1\OneDrive\Automation Code\Protractor\ETQAend2endTesting\node_modules\selenium-webdriver\lib\promise.js:2927:27
                    at C:\Users\nelsonj1\OneDrive\Automation Code\Protractor\ETQAend2endTesting\node_modules\selenium-webdriver\lib\promise.js:668:7Error
                    at ElementArrayFinder.applyAction_ (C:\Users\nelsonj1\OneDrive\Automation Code\Protractor\ETQAend2endTesting\node_modules\protractor\built\element.js:459:27)
                    at ElementArrayFinder.&lt;computed> [as sendKeys] (C:\Users\nelsonj1\OneDrive\Automation Code\Protractor\ETQAend2endTesting\node_modules\protractor\built\element.js:91:29)
                    at ElementFinder.&lt;computed> [as sendKeys] (C:\Users\nelsonj1\OneDrive\Automation Code\Protractor\ETQAend2endTesting\node_modules\protractor\built\element.js:831:22)
                    at C:\Users\nelsonj1\OneDrive\Automation Code\Protractor\ETQAend2endTesting\etqaSpecFiles\retirementcalcispec.ts:10:35
                    at Generator.next (&lt;anonymous>)
                    at C:\Users\nelsonj1\OneDrive\Automation Code\Protractor\ETQAend2endTesting\etqaJSFiles\etqaSpecFiles\retirementcalcispec.js:8:71
                    at new Promise (&lt;anonymous>)
                    at __awaiter (C:\Users\nelsonj1\OneDrive\Automation Code\Protractor\ETQAend2endTesting\etqaJSFiles\etqaSpecFiles\retirementcalcispec.js:4:12)
                    at UserContext.&lt;anonymous> (C:\Users\nelsonj1\OneDrive\Automation Code\Protractor\ETQAend2endTesting\etqaSpecFiles\retirementcalcispec.ts:8:75)
                    at C:\Users\nelsonj1\OneDrive\Automation Code\Protractor\ETQAend2endTesting\node_modules\jasminewd2\index.js:112:25
                From: Task: Run it("TC1: Verify retirement calculator by poviding inputs") in control flow
                    at UserContext.&lt;anonymous> (C:\Users\nelsonj1\OneDrive\Automation Code\Protractor\ETQAend2endTesting\node_modules\jasminewd2\index.js:94:19)
                    at attempt (C:\Users\nelsonj1\OneDrive\Automation Code\Protractor\ETQAend2endTesting\node_modules\protractor\node_modules\jasmine-core\lib\jasmine-core\jasmine.js:4297:26)
                    at QueueRunner.run (C:\Users\nelsonj1\OneDrive\Automation Code\Protractor\ETQAend2endTesting\node_modules\protractor\node_modules\jasmine-core\lib\jasmine-core\jasmine.js:4217:20)
                    at QueueRunner.execute (C:\Users\nelsonj1\OneDrive\Automation Code\Protractor\ETQAend2endTesting\node_modules\protractor\node_modules\jasmine-core\lib\jasmine-core\jasmine.js:4199:10)
                    at Spec.queueRunnerFactory (C:\Users\nelsonj1\OneDrive\Automation Code\Protractor\ETQAend2endTesting\node_modules\protractor\node_modules\jasmine-core\lib\jasmine-core\jasmine.js:909:35)
                    at Spec.execute (C:\Users\nelsonj1\OneDrive\Automation Code\Protractor\ETQAend2endTesting\node_modules\protractor\node_modules\jasmine-core\lib\jasmine-core\jasmine.js:526:10)
                    at UserContext.fn (C:\Users\nelsonj1\OneDrive\Automation Code\Protractor\ETQAend2endTesting\node_modules\protractor\node_modules\jasmine-core\lib\jasmine-core\jasmine.js:5340:37)
                    at attempt (C:\Users\nelsonj1\OneDrive\Automation Code\Protractor\ETQAend2endTesting\node_modules\protractor\node_modules\jasmine-core\lib\jasmine-core\jasmine.js:4297:26)
                    at QueueRunner.run (C:\Users\nelsonj1\OneDrive\Automation Code\Protractor\ETQAend2endTesting\node_modules\protractor\node_modules\jasmine-core\lib\jasmine-core\jasmine.js:4217:20)
                    at QueueRunner.execute (C:\Users\nelsonj1\OneDrive\Automation Code\Protractor\ETQAend2endTesting\node_modules\protractor\node_modules\jasmine-core\lib\jasmine-core\jasmine.js:4199:10)
                From asynchronous test: 
                Error
                    at Suite.&lt;anonymous> (C:\Users\nelsonj1\OneDrive\Automation Code\Protractor\ETQAend2endTesting\etqaSpecFiles\retirementcalcispec.ts:8:5)
                    at addSpecsToSuite (C:\Users\nelsonj1\OneDrive\Automation Code\Protractor\ETQAend2endTesting\node_modules\protractor\node_modules\jasmine-core\lib\jasmine-core\jasmine.js:1107:25)
                    at Env.describe (C:\Users\nelsonj1\OneDrive\Automation Code\Protractor\ETQAend2endTesting\node_modules\protractor\node_modules\jasmine-core\lib\jasmine-core\jasmine.js:1074:7)
                    at describe (C:\Users\nelsonj1\OneDrive\Automation Code\Protractor\ETQAend2endTesting\node_modules\protractor\node_modules\jasmine-core\lib\jasmine-core\jasmine.js:4399:18)
                    at Object.&lt;anonymous> (C:\Users\nelsonj1\OneDrive\Automation Code\Protractor\ETQAend2endTesting\etqaSpecFiles\retirementcalcispec.ts:4:1)
                    at Module._compile (node:internal/modules/cjs/loader:1159:14)
                    at Object.Module._extensions..js (node:internal/modules/cjs/loader:1213:10)
                    at Module.load (node:internal/modules/cjs/loader:1037:32)
                    at Function.Module._load (node:internal/modules/cjs/loader:878:12)</stack-trace>
            </failure>
        </test-case>
        <test-case start='1672820604818' status='failed' stop='1672820607368'>
            <name>TC2: Verify default caluclutor vaules</name>
            <title>TC2: Verify default caluclutor vaules</title>
            <labels/>
            <parameters/>
            <steps/>
            <attachments/>
            <failure>
                <message>Failed: no such window: target window already closed
                from unknown error: web view not found
                  (Session info: chrome=108.0.5359.125)
                  (Driver info: chromedriver=108.0.5359.71 (1e0e3868ee06e91ad636a874420e3ca3ae3756ac-refs/branch-heads/5359@{#1016}),platform=Windows NT 10.0.19045 x86_64)</message>
                <stack-trace>NoSuchWindowError: no such window: target window already closed
                from unknown error: web view not found
                  (Session info: chrome=108.0.5359.125)
                  (Driver info: chromedriver=108.0.5359.71 (1e0e3868ee06e91ad636a874420e3ca3ae3756ac-refs/branch-heads/5359@{#1016}),platform=Windows NT 10.0.19045 x86_64)
                    at Object.checkLegacyResponse (C:\Users\nelsonj1\OneDrive\Automation Code\Protractor\ETQAend2endTesting\node_modules\selenium-webdriver\lib\error.js:546:15)
                    at parseHttpResponse (C:\Users\nelsonj1\OneDrive\Automation Code\Protractor\ETQAend2endTesting\node_modules\selenium-webdriver\lib\http.js:509:13)
                    at C:\Users\nelsonj1\OneDrive\Automation Code\Protractor\ETQAend2endTesting\node_modules\selenium-webdriver\lib\http.js:441:30
                    at processTicksAndRejections (node:internal/process/task_queues:95:5)
                From: Task: WebDriver.findElements(By(css selector, *[id="additional-income"]))
                    at Driver.schedule (C:\Users\nelsonj1\OneDrive\Automation Code\Protractor\ETQAend2endTesting\node_modules\selenium-webdriver\lib\webdriver.js:807:17)
                    at Driver.findElements (C:\Users\nelsonj1\OneDrive\Automation Code\Protractor\ETQAend2endTesting\node_modules\selenium-webdriver\lib\webdriver.js:1048:19)
                    at C:\Users\nelsonj1\OneDrive\Automation Code\Protractor\ETQAend2endTesting\node_modules\protractor\built\element.js:159:44
                    at ManagedPromise.invokeCallback_ (C:\Users\nelsonj1\OneDrive\Automation Code\Protractor\ETQAend2endTesting\node_modules\selenium-webdriver\lib\promise.js:1376:14)
                    at TaskQueue.execute_ (C:\Users\nelsonj1\OneDrive\Automation Code\Protractor\ETQAend2endTesting\node_modules\selenium-webdriver\lib\promise.js:3084:14)
                    at TaskQueue.executeNext_ (C:\Users\nelsonj1\OneDrive\Automation Code\Protractor\ETQAend2endTesting\node_modules\selenium-webdriver\lib\promise.js:3067:27)
                    at C:\Users\nelsonj1\OneDrive\Automation Code\Protractor\ETQAend2endTesting\node_modules\selenium-webdriver\lib\promise.js:2927:27
                    at C:\Users\nelsonj1\OneDrive\Automation Code\Protractor\ETQAend2endTesting\node_modules\selenium-webdriver\lib\promise.js:668:7Error
                    at ElementArrayFinder.applyAction_ (C:\Users\nelsonj1\OneDrive\Automation Code\Protractor\ETQAend2endTesting\node_modules\protractor\built\element.js:459:27)
                    at ElementArrayFinder.&lt;computed> [as click] (C:\Users\nelsonj1\OneDrive\Automation Code\Protractor\ETQAend2endTesting\node_modules\protractor\built\element.js:91:29)
                    at ElementFinder.&lt;computed> [as click] (C:\Users\nelsonj1\OneDrive\Automation Code\Protractor\ETQAend2endTesting\node_modules\protractor\built\element.js:831:22)
                    at C:\Users\nelsonj1\OneDrive\Automation Code\Protractor\ETQAend2endTesting\etqaSpecFiles\retirementcalcispec.ts:37:41
                    at Generator.next (&lt;anonymous>)
                    at C:\Users\nelsonj1\OneDrive\Automation Code\Protractor\ETQAend2endTesting\etqaJSFiles\etqaSpecFiles\retirementcalcispec.js:8:71
                    at new Promise (&lt;anonymous>)
                    at __awaiter (C:\Users\nelsonj1\OneDrive\Automation Code\Protractor\ETQAend2endTesting\etqaJSFiles\etqaSpecFiles\retirementcalcispec.js:4:12)
                    at UserContext.&lt;anonymous> (C:\Users\nelsonj1\OneDrive\Automation Code\Protractor\ETQAend2endTesting\etqaSpecFiles\retirementcalcispec.ts:35:60)
                    at C:\Users\nelsonj1\OneDrive\Automation Code\Protractor\ETQAend2endTesting\node_modules\jasminewd2\index.js:112:25
                From: Task: Run it("TC2: Verify default caluclutor vaules") in control flow
                    at UserContext.&lt;anonymous> (C:\Users\nelsonj1\OneDrive\Automation Code\Protractor\ETQAend2endTesting\node_modules\jasminewd2\index.js:94:19)
                    at attempt (C:\Users\nelsonj1\OneDrive\Automation Code\Protractor\ETQAend2endTesting\node_modules\protractor\node_modules\jasmine-core\lib\jasmine-core\jasmine.js:4297:26)
                    at QueueRunner.run (C:\Users\nelsonj1\OneDrive\Automation Code\Protractor\ETQAend2endTesting\node_modules\protractor\node_modules\jasmine-core\lib\jasmine-core\jasmine.js:4217:20)
                    at QueueRunner.execute (C:\Users\nelsonj1\OneDrive\Automation Code\Protractor\ETQAend2endTesting\node_modules\protractor\node_modules\jasmine-core\lib\jasmine-core\jasmine.js:4199:10)
                    at Spec.queueRunnerFactory (C:\Users\nelsonj1\OneDrive\Automation Code\Protractor\ETQAend2endTesting\node_modules\protractor\node_modules\jasmine-core\lib\jasmine-core\jasmine.js:909:35)
                    at Spec.execute (C:\Users\nelsonj1\OneDrive\Automation Code\Protractor\ETQAend2endTesting\node_modules\protractor\node_modules\jasmine-core\lib\jasmine-core\jasmine.js:526:10)
                    at UserContext.fn (C:\Users\nelsonj1\OneDrive\Automation Code\Protractor\ETQAend2endTesting\node_modules\protractor\node_modules\jasmine-core\lib\jasmine-core\jasmine.js:5340:37)
                    at attempt (C:\Users\nelsonj1\OneDrive\Automation Code\Protractor\ETQAend2endTesting\node_modules\protractor\node_modules\jasmine-core\lib\jasmine-core\jasmine.js:4297:26)
                    at QueueRunner.run (C:\Users\nelsonj1\OneDrive\Automation Code\Protractor\ETQAend2endTesting\node_modules\protractor\node_modules\jasmine-core\lib\jasmine-core\jasmine.js:4217:20)
                    at runNext (C:\Users\nelsonj1\OneDrive\Automation Code\Protractor\ETQAend2endTesting\node_modules\protractor\node_modules\jasmine-core\lib\jasmine-core\jasmine.js:4257:20)
                From asynchronous test: 
                Error
                    at Suite.&lt;anonymous> (C:\Users\nelsonj1\OneDrive\Automation Code\Protractor\ETQAend2endTesting\etqaSpecFiles\retirementcalcispec.ts:35:5)
                    at addSpecsToSuite (C:\Users\nelsonj1\OneDrive\Automation Code\Protractor\ETQAend2endTesting\node_modules\protractor\node_modules\jasmine-core\lib\jasmine-core\jasmine.js:1107:25)
                    at Env.describe (C:\Users\nelsonj1\OneDrive\Automation Code\Protractor\ETQAend2endTesting\node_modules\protractor\node_modules\jasmine-core\lib\jasmine-core\jasmine.js:1074:7)
                    at describe (C:\Users\nelsonj1\OneDrive\Automation Code\Protractor\ETQAend2endTesting\node_modules\protractor\node_modules\jasmine-core\lib\jasmine-core\jasmine.js:4399:18)
                    at Object.&lt;anonymous> (C:\Users\nelsonj1\OneDrive\Automation Code\Protractor\ETQAend2endTesting\etqaSpecFiles\retirementcalcispec.ts:4:1)
                    at Module._compile (node:internal/modules/cjs/loader:1159:14)
                    at Object.Module._extensions..js (node:internal/modules/cjs/loader:1213:10)
                    at Module.load (node:internal/modules/cjs/loader:1037:32)
                    at Function.Module._load (node:internal/modules/cjs/loader:878:12)</stack-trace>
            </failure>
        </test-case>
    </test-cases>
</ns2:test-suite>