<?xml version='1.0'?>
<ns2:test-suite xmlns:ns2='urn:model.allure.qatools.yandex.ru' start='1672819751776' stop='1672819760466'>
    <name>SC1: Validate Retirement Calculator Page</name>
    <title>SC1: Validate Retirement Calculator Page</title>
    <test-cases>
        <test-case start='1672819751777' status='failed' stop='1672819760465'>
            <name>TC1: Verify retirement calculator by poviding inputs</name>
            <title>TC1: Verify retirement calculator by poviding inputs</title>
            <labels/>
            <parameters/>
            <steps/>
            <attachments/>
            <failure>
                <message>WebDriverError: element click intercepted: Element &lt;input type="radio" name="marital-status" id="married" value="M"> is not clickable at point (64, 611). Other element would receive the click: &lt;ul id="marital-status-ul" role="group" aria-labelledby="marital-status-label">...&lt;/ul>
                  (Session info: chrome=108.0.5359.125)
                  (Driver info: chromedriver=108.0.5359.71 (1e0e3868ee06e91ad636a874420e3ca3ae3756ac-refs/branch-heads/5359@{#1016}),platform=Windows NT 10.0.19045 x86_64)</message>
                <stack-trace>WebDriverError: element click intercepted: Element &lt;input type="radio" name="marital-status" id="married" value="M"> is not clickable at point (64, 611). Other element would receive the click: &lt;ul id="marital-status-ul" role="group" aria-labelledby="marital-status-label">...&lt;/ul>
                  (Session info: chrome=108.0.5359.125)
                  (Driver info: chromedriver=108.0.5359.71 (1e0e3868ee06e91ad636a874420e3ca3ae3756ac-refs/branch-heads/5359@{#1016}),platform=Windows NT 10.0.19045 x86_64)
                    at Object.checkLegacyResponse (C:\Users\nelsonj1\OneDrive\Automation Code\Protractor\ETQAend2endTesting\node_modules\selenium-webdriver\lib\error.js:546:15)
                    at parseHttpResponse (C:\Users\nelsonj1\OneDrive\Automation Code\Protractor\ETQAend2endTesting\node_modules\selenium-webdriver\lib\http.js:509:13)
                    at C:\Users\nelsonj1\OneDrive\Automation Code\Protractor\ETQAend2endTesting\node_modules\selenium-webdriver\lib\http.js:441:30
                    at processTicksAndRejections (node:internal/process/task_queues:95:5)
                From: Task: WebElement.click()
                    at Driver.schedule (C:\Users\nelsonj1\OneDrive\Automation Code\Protractor\ETQAend2endTesting\node_modules\selenium-webdriver\lib\webdriver.js:807:17)
                    at WebElement.schedule_ (C:\Users\nelsonj1\OneDrive\Automation Code\Protractor\ETQAend2endTesting\node_modules\selenium-webdriver\lib\webdriver.js:2010:25)
                    at WebElement.click (C:\Users\nelsonj1\OneDrive\Automation Code\Protractor\ETQAend2endTesting\node_modules\selenium-webdriver\lib\webdriver.js:2092:17)
                    at actionFn (C:\Users\nelsonj1\OneDrive\Automation Code\Protractor\ETQAend2endTesting\node_modules\protractor\built\element.js:89:44)
                    at Array.map (&lt;anonymous>)
                    at C:\Users\nelsonj1\OneDrive\Automation Code\Protractor\ETQAend2endTesting\node_modules\protractor\built\element.js:461:65
                    at ManagedPromise.invokeCallback_ (C:\Users\nelsonj1\OneDrive\Automation Code\Protractor\ETQAend2endTesting\node_modules\selenium-webdriver\lib\promise.js:1376:14)
                    at TaskQueue.execute_ (C:\Users\nelsonj1\OneDrive\Automation Code\Protractor\ETQAend2endTesting\node_modules\selenium-webdriver\lib\promise.js:3084:14)
                    at TaskQueue.executeNext_ (C:\Users\nelsonj1\OneDrive\Automation Code\Protractor\ETQAend2endTesting\node_modules\selenium-webdriver\lib\promise.js:3067:27)
                    at C:\Users\nelsonj1\OneDrive\Automation Code\Protractor\ETQAend2endTesting\node_modules\selenium-webdriver\lib\promise.js:2927:27Error
                    at ElementArrayFinder.applyAction_ (C:\Users\nelsonj1\OneDrive\Automation Code\Protractor\ETQAend2endTesting\node_modules\protractor\built\element.js:459:27)
                    at ElementArrayFinder.&lt;computed> [as click] (C:\Users\nelsonj1\OneDrive\Automation Code\Protractor\ETQAend2endTesting\node_modules\protractor\built\element.js:91:29)
                    at ElementFinder.&lt;computed> [as click] (C:\Users\nelsonj1\OneDrive\Automation Code\Protractor\ETQAend2endTesting\node_modules\protractor\built\element.js:831:22)
                    at C:\Users\nelsonj1\OneDrive\Automation Code\Protractor\ETQAend2endTesting\etqaSpecFiles\retirementcalcispec.ts:22:32
                    at Generator.next (&lt;anonymous>)
                    at fulfilled (C:\Users\nelsonj1\OneDrive\Automation Code\Protractor\ETQAend2endTesting\etqaJSFiles\etqaSpecFiles\retirementcalcispec.js:5:58)
                    at processTicksAndRejections (node:internal/process/task_queues:95:5)</stack-trace>
            </failure>
        </test-case>
        <test-case start='1672819760465' status='pending' stop='1672819760465'>
            <name>TC2: Verify default caluclutor vaules</name>
            <title>TC2: Verify default caluclutor vaules</title>
            <labels/>
            <parameters/>
            <steps/>
            <attachments/>
            <failure>
                <message>Temporarily disabled with xit</message>
                <stack-trace></stack-trace>
            </failure>
        </test-case>
    </test-cases>
</ns2:test-suite>